/*C4*/SET SCHEMA PUBLIC
DISCONNECT
/*C5*/SET SCHEMA PUBLIC
DELETE FROM SEQUENCE WHERE NAME='Account' AND NEXT_ID=19116
INSERT INTO SEQUENCE VALUES('Account',19227)
INSERT INTO ACCOUNT VALUES(19116,12212,2,100.0000)
DELETE FROM ACCOUNT WHERE ID=12456
INSERT INTO ACCOUNT VALUES(12456,12212,0,0.4500)
DELETE FROM SEQUENCE WHERE NAME='Transaction' AND NEXT_ID=19915
INSERT INTO SEQUENCE VALUES('Transaction',20026)
INSERT INTO TRANSACTION VALUES(19915,12456,1,'2022-06-01',10.0000,'Down Payment for Loan # 19116')
COMMIT
DELETE FROM SEQUENCE WHERE NAME='Account' AND NEXT_ID=19227
INSERT INTO SEQUENCE VALUES('Account',19338)
INSERT INTO ACCOUNT VALUES(19227,12212,2,100.0000)
DELETE FROM ACCOUNT WHERE ID=12567
INSERT INTO ACCOUNT VALUES(12567,12212,0,90.0000)
DELETE FROM SEQUENCE WHERE NAME='Transaction' AND NEXT_ID=20026
INSERT INTO SEQUENCE VALUES('Transaction',20137)
INSERT INTO TRANSACTION VALUES(20026,12567,1,'2022-06-01',10.0000,'Down Payment for Loan # 19227')
COMMIT
DELETE FROM SEQUENCE WHERE NAME='Account' AND NEXT_ID=19338
INSERT INTO SEQUENCE VALUES('Account',19449)
INSERT INTO ACCOUNT VALUES(19338,12212,2,100.0000)
DELETE FROM ACCOUNT WHERE ID=12678
INSERT INTO ACCOUNT VALUES(12678,12212,1,-110.0000)
DELETE FROM SEQUENCE WHERE NAME='Transaction' AND NEXT_ID=20137
INSERT INTO SEQUENCE VALUES('Transaction',20248)
INSERT INTO TRANSACTION VALUES(20137,12678,1,'2022-06-01',10.0000,'Down Payment for Loan # 19338')
COMMIT
